C:\USERS\SERGEY\DESKTOP\TEMPLATE\BIN\WIN32\RELEASE\TRIANGLES.EXE
C:\USERS\SERGEY\DESKTOP\TEMPLATE\BIN\WIN32\RELEASE\TRIANGLES.PDB
C:\USERS\SERGEY\DESKTOP\TEMPLATE\SRC\TRIANGLES\RELEASE\BRANCH.OBJ
C:\Users\Sergey\Desktop\template\src\Triangles\Release\cl.command.1.tlog
C:\Users\Sergey\Desktop\template\src\Triangles\Release\CL.read.1.tlog
C:\Users\Sergey\Desktop\template\src\Triangles\Release\CL.write.1.tlog
C:\USERS\SERGEY\DESKTOP\TEMPLATE\SRC\TRIANGLES\RELEASE\KONUS.OBJ
C:\USERS\SERGEY\DESKTOP\TEMPLATE\SRC\TRIANGLES\RELEASE\L3DS.OBJ
C:\USERS\SERGEY\DESKTOP\TEMPLATE\SRC\TRIANGLES\RELEASE\LEAF.OBJ
C:\Users\Sergey\Desktop\template\src\Triangles\Release\link.command.1.tlog
C:\Users\Sergey\Desktop\template\src\Triangles\Release\link.read.1.tlog
C:\Users\Sergey\Desktop\template\src\Triangles\Release\link.write.1.tlog
C:\USERS\SERGEY\DESKTOP\TEMPLATE\SRC\TRIANGLES\RELEASE\MAIN.OBJ
C:\Users\Sergey\Desktop\template\src\Triangles\Release\mt.command.1.tlog
C:\Users\Sergey\Desktop\template\src\Triangles\Release\mt.read.1.tlog
C:\Users\Sergey\Desktop\template\src\Triangles\Release\mt.write.1.tlog
C:\USERS\SERGEY\DESKTOP\TEMPLATE\SRC\TRIANGLES\RELEASE\MYOBJECT.OBJ
C:\USERS\SERGEY\DESKTOP\TEMPLATE\SRC\TRIANGLES\RELEASE\SHADER.OBJ
C:\USERS\SERGEY\DESKTOP\TEMPLATE\SRC\TRIANGLES\RELEASE\SHADERPROGRAM.OBJ
C:\USERS\SERGEY\DESKTOP\TEMPLATE\SRC\TRIANGLES\RELEASE\SUN.OBJ
C:\USERS\SERGEY\DESKTOP\TEMPLATE\SRC\TRIANGLES\RELEASE\TREE.OBJ
C:\USERS\SERGEY\DESKTOP\TEMPLATE\SRC\TRIANGLES\RELEASE\TRIANGLES.EXE.INTERMEDIATE.MANIFEST
C:\Users\Sergey\Desktop\template\src\Triangles\Release\Triangles.write.1.tlog
C:\USERS\SERGEY\DESKTOP\TEMPLATE\SRC\TRIANGLES\RELEASE\VC100.PDB
